2026-01-11 23:32:57 -07:00: [dotenv@17.2.3] injecting env (1) from .env -- tip: ✅ audit secrets and track compliance: https://dotenvx.com/ops
2026-01-11 23:32:57 -07:00: Database initialized successfully
2026-01-11 23:32:57 -07:00: Database initialized
2026-01-11 23:32:57 -07:00: Server running on http://localhost:3044
2026-01-11 23:32:57 -07:00: Starting background metrics collection...
2026-01-11 23:32:58 -07:00: Client connected: Q6-tg19z04lCy_TsAAAB
2026-01-11 23:33:42 -07:00: Client disconnected: Q6-tg19z04lCy_TsAAAB
2026-01-11 23:38:14 -07:00: Client connected: YGuKHE8Zo3O4d8_QAAAD
2026-01-11 23:38:48 -07:00: Shutting down gracefully...
2026-01-11 23:38:48 -07:00: Stopped background metrics collection
2026-01-11 23:38:58 -07:00: [dotenv@17.2.3] injecting env (2) from ../.env -- tip: ⚙️  enable debug logging with { debug: true }
2026-01-11 23:38:58 -07:00: Database initialized successfully
2026-01-11 23:38:58 -07:00: Database initialized
2026-01-11 23:38:58 -07:00: Server running on http://localhost:3044
2026-01-11 23:38:58 -07:00: Starting background metrics collection...
2026-01-11 23:38:59 -07:00: Client connected: UHHE26qPaIWHsD0KAAAB
2026-01-11 23:39:10 -07:00: Client disconnected: UHHE26qPaIWHsD0KAAAB
2026-01-11 23:39:11 -07:00: Client connected: T_zm5hQmRUD-K6-5AAAD
2026-01-11 23:39:13 -07:00: Client connected: Hj2VprDT2eseOGMTAAAF
2026-01-11 23:39:16 -07:00: Client disconnected: Hj2VprDT2eseOGMTAAAF
2026-01-11 23:39:19 -07:00: Client connected: Yq0aWO3d6O3-M-8oAAAH
2026-01-11 23:39:56 -07:00: Client disconnected: T_zm5hQmRUD-K6-5AAAD
2026-01-11 23:42:58 -07:00: Client disconnected: Yq0aWO3d6O3-M-8oAAAH
2026-01-11 23:42:58 -07:00: Client connected: jGzoV6FkdCQeNYyHAAAJ
2026-01-11 23:47:17 -07:00: Shutting down gracefully...
2026-01-11 23:47:17 -07:00: Stopped background metrics collection
2026-01-11 23:47:27 -07:00: [dotenv@17.2.3] injecting env (2) from ../.env -- tip: ⚙️  suppress all logs with { quiet: true }
2026-01-11 23:47:27 -07:00: Database initialized successfully
2026-01-11 23:47:27 -07:00: Database initialized
2026-01-11 23:47:27 -07:00: Server running on http://localhost:3044
2026-01-11 23:47:27 -07:00: Starting background metrics collection...
2026-01-11 23:47:28 -07:00: Client connected: ur0Bv7yjURxMYIpnAAAB
2026-01-11 23:47:30 -07:00: Client disconnected: ur0Bv7yjURxMYIpnAAAB
2026-01-11 23:48:25 -07:00: Shutting down gracefully...
2026-01-11 23:48:25 -07:00: [dotenv@17.2.3] injecting env (2) from ../.env -- tip: ⚙️  override existing env vars with { override: true }
2026-01-11 23:48:25 -07:00: Database initialized successfully
2026-01-11 23:48:25 -07:00: Database initialized
2026-01-11 23:48:25 -07:00: Server running on http://localhost:3044
2026-01-11 23:48:25 -07:00: Starting background metrics collection...
2026-01-11 23:48:50 -07:00: Shutting down gracefully...
2026-01-11 23:49:08 -07:00: [dotenv@17.2.3] injecting env (2) from ../.env -- tip: 🔐 prevent committing .env to code: https://dotenvx.com/precommit
2026-01-11 23:49:08 -07:00: Database initialized successfully
2026-01-11 23:49:08 -07:00: Database initialized
2026-01-11 23:49:08 -07:00: Server running on http://localhost:3044
2026-01-11 23:49:08 -07:00: Starting background metrics collection...
2026-01-11 23:49:25 -07:00: Client connected: CKZXc0HGuaHDx_JnAAAB
2026-01-11 23:59:45 -07:00: Shutting down gracefully...
2026-01-11 23:59:45 -07:00: Stopped background metrics collection
2026-01-11 23:59:56 -07:00: [dotenv@17.2.3] injecting env (2) from ../.env -- tip: 🔑 add access controls to secrets: https://dotenvx.com/ops
2026-01-11 23:59:56 -07:00: [Config] Loaded .env from: /Users/micahlloyd/Documents/Github Projects/Quick-Deploy-Server-Managment/.env
2026-01-11 23:59:56 -07:00: [Config] FRONTEND_URL: http://tits:3000
2026-01-11 23:59:56 -07:00: [Config] BACKEND_URL: http://booty:3044
2026-01-11 23:59:56 -07:00: Database initialized successfully
2026-01-11 23:59:56 -07:00: Database initialized
2026-01-11 23:59:56 -07:00: Server running on http://localhost:3044
2026-01-11 23:59:56 -07:00: Starting background metrics collection...
2026-01-11 23:59:56 -07:00: Client connected: jKZQoIiaju5AQdIXAAAB
2026-01-11 23:59:57 -07:00: Client disconnected: jKZQoIiaju5AQdIXAAAB
2026-01-12 00:00:23 -07:00: Shutting down gracefully...
2026-01-12 00:01:40 -07:00: [dotenv@17.2.3] injecting env (2) from ../.env -- tip: ⚙️  load multiple .env files with { path: ['.env.local', '.env'] }
2026-01-12 00:01:40 -07:00: [Config] Loaded .env from: /Users/micahlloyd/Documents/Github Projects/Quick-Deploy-Server-Managment/.env
2026-01-12 00:01:40 -07:00: [Config] FRONTEND_URL: http://localhost:3000
2026-01-12 00:01:40 -07:00: [Config] BACKEND_URL: http://localhost:3044
2026-01-12 00:01:40 -07:00: Database initialized successfully
2026-01-12 00:01:40 -07:00: Database initialized
2026-01-12 00:01:40 -07:00: Server running on http://localhost:3044
2026-01-12 00:01:40 -07:00: Starting background metrics collection...
2026-01-12 00:02:07 -07:00: Client connected: uOTynIsX0SaB3c9mAAAB
2026-01-12 00:21:40 -07:00: Shutting down gracefully...
2026-01-12 00:21:40 -07:00: Stopped background metrics collection
2026-01-12 00:21:50 -07:00: [dotenv@17.2.3] injecting env (2) from ../.env -- tip: ✅ audit secrets and track compliance: https://dotenvx.com/ops
2026-01-12 00:21:50 -07:00: [Config] Loaded .env from: /Users/micahlloyd/Documents/Github Projects/Quick-Deploy-Server-Managment/.env
2026-01-12 00:21:50 -07:00: [Config] FRONTEND_URL: http://localhost:3000
2026-01-12 00:21:50 -07:00: [Config] BACKEND_URL: http://booty:3044
2026-01-12 00:21:50 -07:00: Database initialized successfully
2026-01-12 00:21:50 -07:00: Database initialized
2026-01-12 00:21:50 -07:00: Server running on http://localhost:3044
2026-01-12 00:21:50 -07:00: Starting background metrics collection...
2026-01-12 00:21:51 -07:00: Client connected: iqd7hMyVcRXi2DtxAAAB
2026-01-12 00:22:00 -07:00: Client disconnected: iqd7hMyVcRXi2DtxAAAB
2026-01-12 00:22:28 -07:00: Shutting down gracefully...
2026-01-12 00:22:52 -07:00: [dotenv@17.2.3] injecting env (2) from ../.env -- tip: 🔐 encrypt with Dotenvx: https://dotenvx.com
2026-01-12 00:22:52 -07:00: [Config] Loaded .env from: /Users/micahlloyd/Documents/Github Projects/Quick-Deploy-Server-Managment/.env
2026-01-12 00:22:52 -07:00: [Config] FRONTEND_URL: http://localhost:3000
2026-01-12 00:22:52 -07:00: [Config] BACKEND_URL: http://booty:3044
2026-01-12 00:22:52 -07:00: Database initialized successfully
2026-01-12 00:22:52 -07:00: Database initialized
2026-01-12 00:22:52 -07:00: Server running on http://localhost:3044
2026-01-12 00:22:52 -07:00: Starting background metrics collection...
2026-01-12 00:24:24 -07:00: Shutting down gracefully...
2026-01-12 00:24:36 -07:00: [dotenv@17.2.3] injecting env (2) from ../.env -- tip: ⚙️  load multiple .env files with { path: ['.env.local', '.env'] }
2026-01-12 00:24:36 -07:00: [Config] Loaded .env from: /Users/micahlloyd/Documents/Github Projects/Quick-Deploy-Server-Managment/.env
2026-01-12 00:24:36 -07:00: [Config] FRONTEND_URL: http://localhost:3000
2026-01-12 00:24:36 -07:00: [Config] BACKEND_URL: http://localhost:3044
2026-01-12 00:24:36 -07:00: Database initialized successfully
2026-01-12 00:24:36 -07:00: Database initialized
2026-01-12 00:24:36 -07:00: Server running on http://localhost:3044
2026-01-12 00:24:36 -07:00: Starting background metrics collection...
2026-01-12 00:26:02 -07:00: Client connected: 401ZqIYtdcfC0ZT_AAAB
